ahole
anus
ash0le
ash0les
asholes
ass
assface
assh0le
assh0lez
asshole
assholes
assholz
asswipe
azzhole
bassterds
bastard
bastards
bastardz
basterds
basterdz
biatch
bird
bitch
bitches
blow
boffing
butthole
buttwipe
c0ck
c0cks
c0k
carpet
cawk
cawks
clit
cnts
cntz
cock
cock-head
cock-sucker
cockhead
cocks
cocksucker
crap
cum
cunt
cunts
cuntz
dick
dild0
dild0s
dildo
dildos
dilld0
dilld0s
dominatricks
dominatrics
dominatrix
dyke
enema
fag
fag1t
faget
fagg1t
faggit
faggot
fagit
fags
fagz
faig
faigs
fart
flipping
fuck
fucker
fuckin
fucking
fucks
fudge
fuk
fukah
fuken
fuker
fukin
fukk
fukkah
fukken
fukker
fukkin
g00k
gay
gayboy
gaygirl
gays
gayz
god-damned
h00r
h0ar
h0re
hells
hoar
hoor
hoore
jackoff
jap
japs
jerk-off
jisim
jiss
jizm
jizz
kunt
kunts
kuntz
lesbian
lezzian
lipshits
lipshitz
masochist
masokist
massterbait
masstrbait
masstrbate
masterbaiter
masterbate
masterbates
monkey
mother-fucker
muncher
n1gr
nastt
nigger
nigur
niiger
niigr
orafis
orgasim
orgasm
orgasum
oriface
orifice
orifiss
packer
packi
packie
packy
paki
pakie
paky
pecker
peeenus
peeenusss
peenus
peinus
pen1s
penas
penis
penis-breath
penus
penuus
phuc
phuck
phuk
phuker
phukker
polac
polack
polak
poonani
pr1c
pr1ck
pr1k
pusse
pussee
pussy
puuke
puuker
queer
queers
queerz
qweers
qweerz
qweir
recktum
rectum
retard
sadist
scank
schlong
screwing
semen
sh!t
sh1t
sh1ter
sh1ts
sh1tter
sh1tz
shit
shits
shitter
shitty
shity
shitz
shyt
shyte
shytty
shyty
skanck
skank
skankee
skankey
skanks
skanky
slut
sluts
slutty
slutz
son-of-a-bitch
tit
turd
va1jina
vag1na
vagiina
vagina
vaj1na
vajina
vullva
vulva
w0p
wh00r
wh0re
whore
xrated
xxx